
*** Running vivado
    with args -log vga.vds -m64 -product Vivado -mode batch -messageDb vivado.pb -notrace -source vga.tcl



****** Vivado v2022.1.2 (64-bit)
  **** SW Build 3526262 on Mon Apr 18 15:48:16 MDT 2022
  **** IP Build 3603185 on Sat Aug  6 04:07:44 MDT 2022
    ** Copyright 1986-2022 Xilinx, Inc. All Rights Reserved.

source vga.tcl -notrace
Command: read_checkpoint -auto_incremental -incremental C:/Users/gabyz/Desktop/projeto_de_si/pong_2022-2_nexy4/pong_2022-2_nexy4.srcs/utils_1/imports/synth_1/vga.dcp
INFO: [Vivado 12-5825] Read reference checkpoint from C:/Users/gabyz/Desktop/projeto_de_si/pong_2022-2_nexy4/pong_2022-2_nexy4.srcs/utils_1/imports/synth_1/vga.dcp for incremental synthesis
INFO: [Vivado 12-7989] Please ensure there are no constraint changes
Command: synth_design -top vga -part xc7a100tcsg324-1
Starting synth_design
Attempting to get a license for feature 'Synthesis' and/or device 'xc7a100t'
INFO: [Common 17-349] Got license for feature 'Synthesis' and/or device 'xc7a100t'
INFO: [Device 21-403] Loading part xc7a100tcsg324-1
INFO: [Designutils 20-5440] No compile time benefit to using incremental synthesis; A full resynthesis will be run
INFO: [Designutils 20-4379] Flow is switching to default flow due to incremental criteria not met. If you would like to alter this behaviour and have the flow terminate instead, please set the following parameter config_implementation {autoIncr.Synth.RejectBehavior Terminate}
INFO: [Synth 8-7079] Multithreading enabled for synth_design using a maximum of 2 processes.
INFO: [Synth 8-7078] Launching helper process for spawning children vivado processes
INFO: [Synth 8-7075] Helper process launched with PID 34868
---------------------------------------------------------------------------------
Starting RTL Elaboration : Time (s): cpu = 00:00:05 ; elapsed = 00:00:05 . Memory (MB): peak = 1645.133 ; gain = 0.000
---------------------------------------------------------------------------------
INFO: [Synth 8-638] synthesizing module 'vga' [C:/Users/gabyz/Desktop/projeto_de_si/pong_2022-2_nexy4/pong_2022-2_nexy4.srcs/sources_1/new/vga.vhd:24]
INFO: [Synth 8-3491] module 'KeyboardController' declared at 'C:/Users/gabyz/Desktop/projeto_de_si/pong_2022-2_nexy4/pong_2022-2_nexy4.srcs/sources_1/new/keyboard_control.vhd:25' bound to instance 'keyboard' of component 'KeyboardController' [C:/Users/gabyz/Desktop/projeto_de_si/pong_2022-2_nexy4/pong_2022-2_nexy4.srcs/sources_1/new/vga.vhd:106]
INFO: [Synth 8-638] synthesizing module 'KeyboardController' [C:/Users/gabyz/Desktop/projeto_de_si/pong_2022-2_nexy4/pong_2022-2_nexy4.srcs/sources_1/new/keyboard_control.vhd:32]
INFO: [Synth 8-256] done synthesizing module 'KeyboardController' (0#1) [C:/Users/gabyz/Desktop/projeto_de_si/pong_2022-2_nexy4/pong_2022-2_nexy4.srcs/sources_1/new/keyboard_control.vhd:32]
INFO: [Synth 8-3491] module 'control_unit' declared at 'C:/Users/gabyz/Desktop/projeto_de_si/pong_2022-2_nexy4/pong_2022-2_nexy4.srcs/sources_1/new/control_unit.vhd:26' bound to instance 'uc' of component 'control_unit' [C:/Users/gabyz/Desktop/projeto_de_si/pong_2022-2_nexy4/pong_2022-2_nexy4.srcs/sources_1/new/vga.vhd:112]
INFO: [Synth 8-638] synthesizing module 'control_unit' [C:/Users/gabyz/Desktop/projeto_de_si/pong_2022-2_nexy4/pong_2022-2_nexy4.srcs/sources_1/new/control_unit.vhd:38]
INFO: [Synth 8-256] done synthesizing module 'control_unit' (0#1) [C:/Users/gabyz/Desktop/projeto_de_si/pong_2022-2_nexy4/pong_2022-2_nexy4.srcs/sources_1/new/control_unit.vhd:38]
INFO: [Synth 8-3491] module 'memory' declared at 'C:/Users/gabyz/Desktop/projeto_de_si/pong_2022-2_nexy4/pong_2022-2_nexy4.srcs/sources_1/new/memory.vhd:26' bound to instance 'mem' of component 'memory' [C:/Users/gabyz/Desktop/projeto_de_si/pong_2022-2_nexy4/pong_2022-2_nexy4.srcs/sources_1/new/vga.vhd:113]
INFO: [Synth 8-638] synthesizing module 'memory' [C:/Users/gabyz/Desktop/projeto_de_si/pong_2022-2_nexy4/pong_2022-2_nexy4.srcs/sources_1/new/memory.vhd:37]
INFO: [Synth 8-256] done synthesizing module 'memory' (0#1) [C:/Users/gabyz/Desktop/projeto_de_si/pong_2022-2_nexy4/pong_2022-2_nexy4.srcs/sources_1/new/memory.vhd:37]
INFO: [Synth 8-256] done synthesizing module 'vga' (0#1) [C:/Users/gabyz/Desktop/projeto_de_si/pong_2022-2_nexy4/pong_2022-2_nexy4.srcs/sources_1/new/vga.vhd:24]
WARNING: [Synth 8-6014] Unused sequential element fase_reg was removed.  [C:/Users/gabyz/Desktop/projeto_de_si/pong_2022-2_nexy4/pong_2022-2_nexy4.srcs/sources_1/new/control_unit.vhd:76]
---------------------------------------------------------------------------------
Finished RTL Elaboration : Time (s): cpu = 00:00:06 ; elapsed = 00:00:07 . Memory (MB): peak = 1661.000 ; gain = 15.867
---------------------------------------------------------------------------------
---------------------------------------------------------------------------------
Start Handling Custom Attributes
---------------------------------------------------------------------------------
---------------------------------------------------------------------------------
Finished Handling Custom Attributes : Time (s): cpu = 00:00:07 ; elapsed = 00:00:07 . Memory (MB): peak = 1661.000 ; gain = 15.867
---------------------------------------------------------------------------------
---------------------------------------------------------------------------------
Finished RTL Optimization Phase 1 : Time (s): cpu = 00:00:07 ; elapsed = 00:00:07 . Memory (MB): peak = 1661.000 ; gain = 15.867
---------------------------------------------------------------------------------
Netlist sorting complete. Time (s): cpu = 00:00:00 ; elapsed = 00:00:00.030 . Memory (MB): peak = 1661.000 ; gain = 0.000
INFO: [Project 1-570] Preparing netlist for logic optimization

Processing XDC Constraints
Initializing timing engine
Parsing XDC File [C:/Users/gabyz/Desktop/projeto_de_si/pong_2022-2_nexy4/pong_2022-2_nexy4.srcs/constrs_1/new/pong_const.xdc]
Finished Parsing XDC File [C:/Users/gabyz/Desktop/projeto_de_si/pong_2022-2_nexy4/pong_2022-2_nexy4.srcs/constrs_1/new/pong_const.xdc]
INFO: [Project 1-236] Implementation specific constraints were found while reading constraint file [C:/Users/gabyz/Desktop/projeto_de_si/pong_2022-2_nexy4/pong_2022-2_nexy4.srcs/constrs_1/new/pong_const.xdc]. These constraints will be ignored for synthesis but will be used in implementation. Impacted constraints are listed in the file [.Xil/vga_propImpl.xdc].
Resolution: To avoid this warning, move constraints listed in [.Xil/vga_propImpl.xdc] to another XDC file and exclude this new file from synthesis with the used_in_synthesis property (File Properties dialog in GUI) and re-run elaboration/synthesis.
Completed Processing XDC Constraints

Netlist sorting complete. Time (s): cpu = 00:00:00 ; elapsed = 00:00:00.001 . Memory (MB): peak = 1738.594 ; gain = 0.000
INFO: [Project 1-111] Unisim Transformation Summary:
No Unisim elements were transformed.

Constraint Validation Runtime : Time (s): cpu = 00:00:01 ; elapsed = 00:00:00.037 . Memory (MB): peak = 1738.594 ; gain = 0.000
INFO: [Designutils 20-5440] No compile time benefit to using incremental synthesis; A full resynthesis will be run
INFO: [Designutils 20-4379] Flow is switching to default flow due to incremental criteria not met. If you would like to alter this behaviour and have the flow terminate instead, please set the following parameter config_implementation {autoIncr.Synth.RejectBehavior Terminate}
---------------------------------------------------------------------------------
Finished Constraint Validation : Time (s): cpu = 00:00:14 ; elapsed = 00:00:14 . Memory (MB): peak = 1738.594 ; gain = 93.461
---------------------------------------------------------------------------------
---------------------------------------------------------------------------------
Start Loading Part and Timing Information
---------------------------------------------------------------------------------
Loading part: xc7a100tcsg324-1
---------------------------------------------------------------------------------
Finished Loading Part and Timing Information : Time (s): cpu = 00:00:14 ; elapsed = 00:00:14 . Memory (MB): peak = 1738.594 ; gain = 93.461
---------------------------------------------------------------------------------
---------------------------------------------------------------------------------
Start Applying 'set_property' XDC Constraints
---------------------------------------------------------------------------------
---------------------------------------------------------------------------------
Finished applying 'set_property' XDC Constraints : Time (s): cpu = 00:00:14 ; elapsed = 00:00:14 . Memory (MB): peak = 1738.594 ; gain = 93.461
---------------------------------------------------------------------------------
INFO: [Synth 8-802] inferred FSM for state register 'estado_reg' in module 'control_unit'
---------------------------------------------------------------------------------------------------
                   State |                     New Encoding |                Previous Encoding 
---------------------------------------------------------------------------------------------------
                  reset1 |                             0001 |                              000
                  reset2 |                             0010 |                              001
                   busca |                             0100 |                              010
                  decode |                             1000 |                              011
---------------------------------------------------------------------------------------------------
INFO: [Synth 8-3354] encoded FSM with state register 'estado_reg' using encoding 'one-hot' in module 'control_unit'
WARNING: [Synth 8-327] inferring latch for variable 'din_reg' [C:/Users/gabyz/Desktop/projeto_de_si/pong_2022-2_nexy4/pong_2022-2_nexy4.srcs/sources_1/new/control_unit.vhd:73]
WARNING: [Synth 8-327] inferring latch for variable 'valueIncrementDrecrement_reg' [C:/Users/gabyz/Desktop/projeto_de_si/pong_2022-2_nexy4/pong_2022-2_nexy4.srcs/sources_1/new/vga.vhd:179]
WARNING: [Synth 8-327] inferring latch for variable 'ScreenBoard_verticalB_reg' [C:/Users/gabyz/Desktop/projeto_de_si/pong_2022-2_nexy4/pong_2022-2_nexy4.srcs/sources_1/new/vga.vhd:153]
WARNING: [Synth 8-327] inferring latch for variable 'ScreenBoard_verticalA_reg' [C:/Users/gabyz/Desktop/projeto_de_si/pong_2022-2_nexy4/pong_2022-2_nexy4.srcs/sources_1/new/vga.vhd:152]
WARNING: [Synth 8-327] inferring latch for variable 'ScreenBoard_horizontalB_reg' [C:/Users/gabyz/Desktop/projeto_de_si/pong_2022-2_nexy4/pong_2022-2_nexy4.srcs/sources_1/new/vga.vhd:151]
WARNING: [Synth 8-327] inferring latch for variable 'playerTwoPosition_XA_reg' [C:/Users/gabyz/Desktop/projeto_de_si/pong_2022-2_nexy4/pong_2022-2_nexy4.srcs/sources_1/new/vga.vhd:167]
WARNING: [Synth 8-327] inferring latch for variable 'playerPosition_XB_reg' [C:/Users/gabyz/Desktop/projeto_de_si/pong_2022-2_nexy4/pong_2022-2_nexy4.srcs/sources_1/new/vga.vhd:163]
WARNING: [Synth 8-327] inferring latch for variable 'ScreenBoard_horizontalA_reg' [C:/Users/gabyz/Desktop/projeto_de_si/pong_2022-2_nexy4/pong_2022-2_nexy4.srcs/sources_1/new/vga.vhd:150]
WARNING: [Synth 8-327] inferring latch for variable 'line_XA_reg' [C:/Users/gabyz/Desktop/projeto_de_si/pong_2022-2_nexy4/pong_2022-2_nexy4.srcs/sources_1/new/vga.vhd:173]
WARNING: [Synth 8-327] inferring latch for variable 'line_XB_reg' [C:/Users/gabyz/Desktop/projeto_de_si/pong_2022-2_nexy4/pong_2022-2_nexy4.srcs/sources_1/new/vga.vhd:174]
WARNING: [Synth 8-327] inferring latch for variable 'playerPosition_XA_reg' [C:/Users/gabyz/Desktop/projeto_de_si/pong_2022-2_nexy4/pong_2022-2_nexy4.srcs/sources_1/new/vga.vhd:162]
WARNING: [Synth 8-327] inferring latch for variable 'playerTwoPosition_XB_reg' [C:/Users/gabyz/Desktop/projeto_de_si/pong_2022-2_nexy4/pong_2022-2_nexy4.srcs/sources_1/new/vga.vhd:168]
WARNING: [Synth 8-327] inferring latch for variable 'ScreenSize_verticalB_reg' [C:/Users/gabyz/Desktop/projeto_de_si/pong_2022-2_nexy4/pong_2022-2_nexy4.srcs/sources_1/new/vga.vhd:148]
WARNING: [Synth 8-327] inferring latch for variable 'ScreenSize_horizontalB_reg' [C:/Users/gabyz/Desktop/projeto_de_si/pong_2022-2_nexy4/pong_2022-2_nexy4.srcs/sources_1/new/vga.vhd:146]
WARNING: [Synth 8-327] inferring latch for variable 'screenSize_horizontalA_reg' [C:/Users/gabyz/Desktop/projeto_de_si/pong_2022-2_nexy4/pong_2022-2_nexy4.srcs/sources_1/new/vga.vhd:145]
---------------------------------------------------------------------------------
Finished RTL Optimization Phase 2 : Time (s): cpu = 00:00:15 ; elapsed = 00:00:17 . Memory (MB): peak = 1738.594 ; gain = 93.461
---------------------------------------------------------------------------------
---------------------------------------------------------------------------------
Start RTL Component Statistics 
---------------------------------------------------------------------------------
Detailed RTL Component Info : 
+---Adders : 
	   2 Input   14 Bit       Adders := 6     
	   3 Input   14 Bit       Adders := 8     
	   2 Input   10 Bit       Adders := 1     
	   2 Input    4 Bit       Adders := 1     
+---Registers : 
	               14 Bit    Registers := 4     
	               10 Bit    Registers := 258   
	                8 Bit    Registers := 1     
	                4 Bit    Registers := 4     
	                3 Bit    Registers := 1     
	                2 Bit    Registers := 1     
	                1 Bit    Registers := 10    
+---Muxes : 
	   2 Input   14 Bit        Muxes := 12    
	   2 Input    4 Bit        Muxes := 3     
	   5 Input    3 Bit        Muxes := 2     
	   4 Input    3 Bit        Muxes := 1     
	   2 Input    3 Bit        Muxes := 1     
	   2 Input    2 Bit        Muxes := 2     
	   2 Input    1 Bit        Muxes := 22    
	   3 Input    1 Bit        Muxes := 1     
	   4 Input    1 Bit        Muxes := 4     
---------------------------------------------------------------------------------
Finished RTL Component Statistics 
---------------------------------------------------------------------------------
---------------------------------------------------------------------------------
Start Part Resource Summary
---------------------------------------------------------------------------------
Part Resources:
DSPs: 240 (col length:80)
BRAMs: 270 (col length: RAMB18 80 RAMB36 40)
---------------------------------------------------------------------------------
Finished Part Resource Summary
---------------------------------------------------------------------------------
---------------------------------------------------------------------------------
Start Cross Boundary and Area Optimization
---------------------------------------------------------------------------------
WARNING: [Synth 8-7080] Parallel synthesis criteria is not met
WARNING: [Synth 8-3332] Sequential element (playerTwoPosition_XA_reg[9]) is unused and will be removed from module vga.
WARNING: [Synth 8-3332] Sequential element (playerTwoPosition_XA_reg[13]) is unused and will be removed from module vga.
---------------------------------------------------------------------------------
Finished Cross Boundary and Area Optimization : Time (s): cpu = 00:00:20 ; elapsed = 00:00:21 . Memory (MB): peak = 1738.594 ; gain = 93.461
---------------------------------------------------------------------------------
---------------------------------------------------------------------------------
Start Applying XDC Timing Constraints
---------------------------------------------------------------------------------
---------------------------------------------------------------------------------
Finished Applying XDC Timing Constraints : Time (s): cpu = 00:00:25 ; elapsed = 00:00:27 . Memory (MB): peak = 1738.594 ; gain = 93.461
---------------------------------------------------------------------------------
---------------------------------------------------------------------------------
Start Timing Optimization
---------------------------------------------------------------------------------
---------------------------------------------------------------------------------
Finished Timing Optimization : Time (s): cpu = 00:00:25 ; elapsed = 00:00:27 . Memory (MB): peak = 1738.594 ; gain = 93.461
---------------------------------------------------------------------------------
---------------------------------------------------------------------------------
Start Technology Mapping
---------------------------------------------------------------------------------
---------------------------------------------------------------------------------
Finished Technology Mapping : Time (s): cpu = 00:00:25 ; elapsed = 00:00:27 . Memory (MB): peak = 1738.594 ; gain = 93.461
---------------------------------------------------------------------------------
---------------------------------------------------------------------------------
Start IO Insertion
---------------------------------------------------------------------------------
---------------------------------------------------------------------------------
Start Flattening Before IO Insertion
---------------------------------------------------------------------------------
---------------------------------------------------------------------------------
Finished Flattening Before IO Insertion
---------------------------------------------------------------------------------
---------------------------------------------------------------------------------
Start Final Netlist Cleanup
---------------------------------------------------------------------------------
---------------------------------------------------------------------------------
Finished Final Netlist Cleanup
---------------------------------------------------------------------------------
---------------------------------------------------------------------------------
Finished IO Insertion : Time (s): cpu = 00:00:29 ; elapsed = 00:00:31 . Memory (MB): peak = 1738.594 ; gain = 93.461
---------------------------------------------------------------------------------
---------------------------------------------------------------------------------
Start Renaming Generated Instances
---------------------------------------------------------------------------------
---------------------------------------------------------------------------------
Finished Renaming Generated Instances : Time (s): cpu = 00:00:29 ; elapsed = 00:00:31 . Memory (MB): peak = 1738.594 ; gain = 93.461
---------------------------------------------------------------------------------
---------------------------------------------------------------------------------
Start Rebuilding User Hierarchy
---------------------------------------------------------------------------------
---------------------------------------------------------------------------------
Finished Rebuilding User Hierarchy : Time (s): cpu = 00:00:29 ; elapsed = 00:00:31 . Memory (MB): peak = 1738.594 ; gain = 93.461
---------------------------------------------------------------------------------
---------------------------------------------------------------------------------
Start Renaming Generated Ports
---------------------------------------------------------------------------------
---------------------------------------------------------------------------------
Finished Renaming Generated Ports : Time (s): cpu = 00:00:29 ; elapsed = 00:00:31 . Memory (MB): peak = 1738.594 ; gain = 93.461
---------------------------------------------------------------------------------
---------------------------------------------------------------------------------
Start Handling Custom Attributes
---------------------------------------------------------------------------------
---------------------------------------------------------------------------------
Finished Handling Custom Attributes : Time (s): cpu = 00:00:29 ; elapsed = 00:00:31 . Memory (MB): peak = 1738.594 ; gain = 93.461
---------------------------------------------------------------------------------
---------------------------------------------------------------------------------
Start Renaming Generated Nets
---------------------------------------------------------------------------------
---------------------------------------------------------------------------------
Finished Renaming Generated Nets : Time (s): cpu = 00:00:29 ; elapsed = 00:00:31 . Memory (MB): peak = 1738.594 ; gain = 93.461
---------------------------------------------------------------------------------
---------------------------------------------------------------------------------
Start Writing Synthesis Report
---------------------------------------------------------------------------------

Report BlackBoxes: 
+-+--------------+----------+
| |BlackBox name |Instances |
+-+--------------+----------+
+-+--------------+----------+

Report Cell Usage: 
+------+-------+------+
|      |Cell   |Count |
+------+-------+------+
|1     |BUFG   |     3|
|2     |CARRY4 |   156|
|3     |LUT1   |   123|
|4     |LUT2   |   254|
|5     |LUT3   |     9|
|6     |LUT4   |   192|
|7     |LUT5   |    36|
|8     |LUT6   |   104|
|9     |FDCE   |   105|
|10    |FDPE   |    32|
|11    |FDRE   |    53|
|12    |FDSE   |     1|
|13    |IBUF   |     8|
|14    |OBUF   |    14|
+------+-------+------+
---------------------------------------------------------------------------------
Finished Writing Synthesis Report : Time (s): cpu = 00:00:29 ; elapsed = 00:00:31 . Memory (MB): peak = 1738.594 ; gain = 93.461
---------------------------------------------------------------------------------
Synthesis finished with 0 errors, 0 critical warnings and 18 warnings.
Synthesis Optimization Runtime : Time (s): cpu = 00:00:20 ; elapsed = 00:00:29 . Memory (MB): peak = 1738.594 ; gain = 15.867
Synthesis Optimization Complete : Time (s): cpu = 00:00:29 ; elapsed = 00:00:31 . Memory (MB): peak = 1738.594 ; gain = 93.461
INFO: [Project 1-571] Translating synthesized netlist
Netlist sorting complete. Time (s): cpu = 00:00:00 ; elapsed = 00:00:00.009 . Memory (MB): peak = 1738.594 ; gain = 0.000
INFO: [Netlist 29-17] Analyzing 156 Unisim elements for replacement
INFO: [Netlist 29-28] Unisim Transformation completed in 0 CPU seconds
WARNING: [Netlist 29-101] Netlist 'vga' is not ideal for floorplanning, since the cellview 'vga' contains a large number of primitives.  Please consider enabling hierarchy in synthesis if you want to do floorplanning.
INFO: [Project 1-570] Preparing netlist for logic optimization
INFO: [Opt 31-138] Pushed 0 inverter(s) to 0 load pin(s).
Netlist sorting complete. Time (s): cpu = 00:00:00 ; elapsed = 00:00:00 . Memory (MB): peak = 1738.594 ; gain = 0.000
INFO: [Project 1-111] Unisim Transformation Summary:
No Unisim elements were transformed.

Synth Design complete, checksum: 5e7ce6e8
INFO: [Common 17-83] Releasing license: Synthesis
34 Infos, 20 Warnings, 0 Critical Warnings and 0 Errors encountered.
synth_design completed successfully
synth_design: Time (s): cpu = 00:00:33 ; elapsed = 00:00:35 . Memory (MB): peak = 1738.594 ; gain = 93.461
INFO: [Common 17-1381] The checkpoint 'C:/Users/gabyz/Desktop/projeto_de_si/pong_2022-2_nexy4/pong_2022-2_nexy4.runs/synth_1/vga.dcp' has been generated.
INFO: [runtcl-4] Executing : report_utilization -file vga_utilization_synth.rpt -pb vga_utilization_synth.pb
INFO: [Common 17-206] Exiting Vivado at Tue Dec  6 08:06:23 2022...
